<?xml version="1.0" encoding="UTF-8"?>
<testng-results ignored="0" total="1" passed="1" failed="0" skipped="0">
  <reporter-output>
  </reporter-output>
  <suite started-at="2023-01-06T16:43:08 IST" name="Default suite" finished-at="2023-01-06T16:43:37 IST" duration-ms="29194">
    <groups>
    </groups>
    <test started-at="2023-01-06T16:43:08 IST" name="Default test" finished-at="2023-01-06T16:43:37 IST" duration-ms="29194">
      <class name="demo.Flipkart">
        <test-method signature="testTwo()[pri:0, instance:demo.Flipkart@49b0b76]" started-at="2023-01-06T16:43:08 IST" name="testTwo" finished-at="2023-01-06T16:43:37 IST" duration-ms="29137" status="PASS">
          <reporter-output>
          </reporter-output>
        </test-method> <!-- testTwo -->
      </class> <!-- demo.Flipkart -->
    </test> <!-- Default test -->
  </suite> <!-- Default suite -->
</testng-results>
