<?xml version="1.0" encoding="UTF-8"?>
<testng-results ignored="2" total="4" passed="2" failed="0" skipped="0">
  <reporter-output>
  </reporter-output>
  <suite started-at="2023-01-31T13:09:31 IST" name="Suite" finished-at="2023-01-31T13:10:14 IST" duration-ms="42596">
    <groups>
    </groups>
    <test started-at="2023-01-31T13:09:31 IST" name="Test" finished-at="2023-01-31T13:10:14 IST" duration-ms="42596">
      <class name="runner.WdIoLoginPageTest">
        <test-method is-config="true" signature="initizeDriver()[pri:0, instance:runner.WdIoLoginPageTest@158da8e]" started-at="2023-01-31T13:09:54 IST" name="initizeDriver" finished-at="2023-01-31T13:10:05 IST" duration-ms="11352" status="PASS">
          <reporter-output>
          </reporter-output>
        </test-method> <!-- initizeDriver -->
        <test-method signature="login()[pri:0, instance:runner.WdIoLoginPageTest@158da8e]" started-at="2023-01-31T13:10:05 IST" name="login" finished-at="2023-01-31T13:10:13 IST" duration-ms="8026" status="PASS">
          <reporter-output>
          </reporter-output>
        </test-method> <!-- login -->
        <test-method is-config="true" signature="closeSession(org.testng.ITestResult)[pri:0, instance:runner.WdIoLoginPageTest@158da8e]" started-at="2023-01-31T13:10:13 IST" name="closeSession" finished-at="2023-01-31T13:10:14 IST" duration-ms="609" status="PASS">
          <params>
            <param index="0">
              <value>
                <![CDATA[[TestResult name=login status=SUCCESS method=WdIoLoginPageTest.login()[pri:0, instance:runner.WdIoLoginPageTest@158da8e] output={null}]]]>
              </value>
            </param>
          </params>
          <reporter-output>
          </reporter-output>
        </test-method> <!-- closeSession -->
        <test-method is-config="true" signature="quitDriver()[pri:0, instance:runner.WdIoLoginPageTest@158da8e]" started-at="2023-01-31T13:10:14 IST" name="quitDriver" finished-at="2023-01-31T13:10:14 IST" duration-ms="379" status="PASS">
          <reporter-output>
          </reporter-output>
        </test-method> <!-- quitDriver -->
      </class> <!-- runner.WdIoLoginPageTest -->
      <class name="runner.WdIoFormPageTest">
        <test-method is-config="true" signature="setUp()[pri:0, instance:runner.WdIoFormPageTest@5fdcaa40]" started-at="2023-01-31T13:09:31 IST" name="setUp" finished-at="2023-01-31T13:09:31 IST" duration-ms="366" status="PASS">
          <reporter-output>
          </reporter-output>
        </test-method> <!-- setUp -->
        <test-method is-config="true" signature="initizeDriver()[pri:0, instance:runner.WdIoFormPageTest@5fdcaa40]" started-at="2023-01-31T13:09:31 IST" name="initizeDriver" finished-at="2023-01-31T13:09:45 IST" duration-ms="13454" status="PASS">
          <reporter-output>
          </reporter-output>
        </test-method> <!-- initizeDriver -->
        <test-method signature="Form()[pri:0, instance:runner.WdIoFormPageTest@5fdcaa40]" started-at="2023-01-31T13:09:45 IST" name="Form" finished-at="2023-01-31T13:09:53 IST" duration-ms="7697" status="PASS">
          <reporter-output>
          </reporter-output>
        </test-method> <!-- Form -->
        <test-method is-config="true" signature="closeSession(org.testng.ITestResult)[pri:0, instance:runner.WdIoFormPageTest@5fdcaa40]" started-at="2023-01-31T13:09:53 IST" name="closeSession" finished-at="2023-01-31T13:09:53 IST" duration-ms="659" status="PASS">
          <params>
            <param index="0">
              <value>
                <![CDATA[[TestResult name=Form status=SUCCESS method=WdIoFormPageTest.Form()[pri:0, instance:runner.WdIoFormPageTest@5fdcaa40] output={null}]]]>
              </value>
            </param>
          </params>
          <reporter-output>
          </reporter-output>
        </test-method> <!-- closeSession -->
        <test-method is-config="true" signature="quitDriver()[pri:0, instance:runner.WdIoFormPageTest@5fdcaa40]" started-at="2023-01-31T13:09:53 IST" name="quitDriver" finished-at="2023-01-31T13:09:54 IST" duration-ms="376" status="PASS">
          <reporter-output>
          </reporter-output>
        </test-method> <!-- quitDriver -->
        <test-method is-config="true" signature="tearDown()[pri:0, instance:runner.WdIoFormPageTest@5fdcaa40]" started-at="2023-01-31T13:10:14 IST" name="tearDown" finished-at="2023-01-31T13:10:14 IST" duration-ms="414" status="PASS">
          <reporter-output>
          </reporter-output>
        </test-method> <!-- tearDown -->
      </class> <!-- runner.WdIoFormPageTest -->
    </test> <!-- Test -->
  </suite> <!-- Suite -->
</testng-results>
