<?xml version="1.0" encoding="UTF-8"?>
<testng-results ignored="0" total="1" passed="1" failed="0" skipped="0">
  <reporter-output>
  </reporter-output>
  <suite started-at="2022-11-07T22:38:14 IST" name="Default suite" finished-at="2022-11-07T22:38:22 IST" duration-ms="8399">
    <groups>
    </groups>
    <test started-at="2022-11-07T22:38:14 IST" name="Default test" finished-at="2022-11-07T22:38:22 IST" duration-ms="8399">
      <class name="runner.AmazonMenuTest">
        <test-method is-config="true" signature="start()[pri:0, instance:runner.AmazonMenuTest@3cc2931c]" started-at="2022-11-07T22:38:13 IST" name="start" finished-at="2022-11-07T22:38:14 IST" duration-ms="366" status="PASS">
          <reporter-output>
          </reporter-output>
        </test-method> <!-- start -->
        <test-method is-config="true" signature="initialize()[pri:0, instance:runner.AmazonMenuTest@3cc2931c]" started-at="2022-11-07T22:38:14 IST" name="initialize" finished-at="2022-11-07T22:38:19 IST" duration-ms="5095" status="PASS">
          <reporter-output>
          </reporter-output>
        </test-method> <!-- initialize -->
        <test-method signature="testOne(java.lang.String, java.lang.String)[pri:0, instance:runner.AmazonMenuTest@3cc2931c]" started-at="2022-11-07T22:38:20 IST" name="testOne" data-provider="excelData" finished-at="2022-11-07T22:38:22 IST" duration-ms="2192" status="PASS">
          <params>
            <param index="0">
              <value>
                <![CDATA[Women's Fashion]]>
              </value>
            </param>
            <param index="1">
              <value>
                <![CDATA[Western Wear]]>
              </value>
            </param>
          </params>
          <reporter-output>
          </reporter-output>
        </test-method> <!-- testOne -->
        <test-method is-config="true" signature="status(org.testng.ITestResult)[pri:0, instance:runner.AmazonMenuTest@3cc2931c]" started-at="2022-11-07T22:38:22 IST" name="status" finished-at="2022-11-07T22:38:22 IST" duration-ms="442" status="PASS">
          <params>
            <param index="0">
              <value>
                <![CDATA[[TestResult name=testOne status=SUCCESS method=AmazonMenuTest.testOne(java.lang.String, java.lang.String)[pri:0, instance:runner.AmazonMenuTest@3cc2931c] output={null}]]]>
              </value>
            </param>
          </params>
          <reporter-output>
          </reporter-output>
        </test-method> <!-- status -->
        <test-method is-config="true" signature="endTest()[pri:0, instance:runner.AmazonMenuTest@3cc2931c]" started-at="2022-11-07T22:38:22 IST" name="endTest" finished-at="2022-11-07T22:38:28 IST" duration-ms="6096" status="PASS">
          <reporter-output>
          </reporter-output>
        </test-method> <!-- endTest -->
      </class> <!-- runner.AmazonMenuTest -->
    </test> <!-- Default test -->
  </suite> <!-- Default suite -->
</testng-results>
