<?xml version="1.0" encoding="UTF-8"?>
<testng-results ignored="0" total="1" passed="1" failed="0" skipped="0">
  <reporter-output>
  </reporter-output>
  <suite started-at="2023-01-11T11:19:53 IST" name="Default suite" finished-at="2023-01-11T11:22:03 IST" duration-ms="129268">
    <groups>
    </groups>
    <test started-at="2023-01-11T11:19:53 IST" name="Default test" finished-at="2023-01-11T11:22:03 IST" duration-ms="129268">
      <class name="runner.FlipkartSerachProductTest">
        <test-method is-config="true" signature="setUp()[pri:0, instance:runner.FlipkartSerachProductTest@393671df]" started-at="2023-01-11T11:19:53 IST" name="setUp" finished-at="2023-01-11T11:19:53 IST" duration-ms="374" status="PASS">
          <reporter-output>
          </reporter-output>
        </test-method> <!-- setUp -->
        <test-method is-config="true" signature="initizeDriver()[pri:0, instance:runner.FlipkartSerachProductTest@393671df]" started-at="2023-01-11T11:19:53 IST" name="initizeDriver" finished-at="2023-01-11T11:20:08 IST" duration-ms="14648" status="PASS">
          <reporter-output>
          </reporter-output>
        </test-method> <!-- initizeDriver -->
        <test-method signature="SearchMobilesTest()[pri:0, instance:runner.FlipkartSerachProductTest@393671df]" started-at="2023-01-11T11:20:08 IST" name="SearchMobilesTest" finished-at="2023-01-11T11:22:02 IST" duration-ms="114081" status="PASS">
          <reporter-output>
          </reporter-output>
        </test-method> <!-- SearchMobilesTest -->
        <test-method is-config="true" signature="closeSession(org.testng.ITestResult)[pri:0, instance:runner.FlipkartSerachProductTest@393671df]" started-at="2023-01-11T11:22:02 IST" name="closeSession" finished-at="2023-01-11T11:22:03 IST" duration-ms="499" status="PASS">
          <params>
            <param index="0">
              <value>
                <![CDATA[[TestResult name=SearchMobilesTest status=SUCCESS method=FlipkartSerachProductTest.SearchMobilesTest()[pri:0, instance:runner.FlipkartSerachProductTest@393671df] output={null}]]]>
              </value>
            </param>
          </params>
          <reporter-output>
          </reporter-output>
        </test-method> <!-- closeSession -->
        <test-method is-config="true" signature="tearDown()[pri:0, instance:runner.FlipkartSerachProductTest@393671df]" started-at="2023-01-11T11:22:03 IST" name="tearDown" finished-at="2023-01-11T11:22:03 IST" duration-ms="372" status="PASS">
          <reporter-output>
          </reporter-output>
        </test-method> <!-- tearDown -->
      </class> <!-- runner.FlipkartSerachProductTest -->
    </test> <!-- Default test -->
  </suite> <!-- Default suite -->
</testng-results>
