<?xml version="1.0" encoding="UTF-8"?>
<testng-results ignored="0" total="2" passed="2" failed="0" skipped="0">
  <reporter-output>
  </reporter-output>
  <suite started-at="2023-01-13T12:11:46 IST" name="Default suite" finished-at="2023-01-13T12:12:27 IST" duration-ms="40345">
    <groups>
    </groups>
    <test started-at="2023-01-13T12:11:46 IST" name="Default test" finished-at="2023-01-13T12:12:27 IST" duration-ms="40345">
      <class name="runner.WdIoLoginTest">
        <test-method is-config="true" signature="setUp()[pri:0, instance:runner.WdIoLoginTest@393671df]" started-at="2023-01-13T12:11:46 IST" name="setUp" finished-at="2023-01-13T12:11:46 IST" duration-ms="369" status="PASS">
          <reporter-output>
          </reporter-output>
        </test-method> <!-- setUp -->
        <test-method is-config="true" signature="initizeDriver()[pri:0, instance:runner.WdIoLoginTest@393671df]" started-at="2023-01-13T12:11:46 IST" name="initizeDriver" finished-at="2023-01-13T12:12:00 IST" duration-ms="13361" status="PASS">
          <reporter-output>
          </reporter-output>
        </test-method> <!-- initizeDriver -->
        <test-method signature="LoginTest()[pri:0, instance:runner.WdIoLoginTest@393671df]" started-at="2023-01-13T12:12:00 IST" name="LoginTest" finished-at="2023-01-13T12:12:08 IST" duration-ms="8007" status="PASS">
          <reporter-output>
          </reporter-output>
        </test-method> <!-- LoginTest -->
        <test-method is-config="true" signature="closeSession(org.testng.ITestResult)[pri:0, instance:runner.WdIoLoginTest@393671df]" started-at="2023-01-13T12:12:08 IST" name="closeSession" finished-at="2023-01-13T12:12:08 IST" duration-ms="436" status="PASS">
          <params>
            <param index="0">
              <value>
                <![CDATA[[TestResult name=LoginTest status=SUCCESS method=WdIoLoginTest.LoginTest()[pri:0, instance:runner.WdIoLoginTest@393671df] output={null}]]]>
              </value>
            </param>
          </params>
          <reporter-output>
          </reporter-output>
        </test-method> <!-- closeSession -->
        <test-method is-config="true" signature="initizeDriver()[pri:0, instance:runner.WdIoLoginTest@393671df]" started-at="2023-01-13T12:12:08 IST" name="initizeDriver" finished-at="2023-01-13T12:12:19 IST" duration-ms="11085" status="PASS">
          <reporter-output>
          </reporter-output>
        </test-method> <!-- initizeDriver -->
        <test-method signature="submitForm()[pri:0, instance:runner.WdIoLoginTest@393671df]" started-at="2023-01-13T12:12:19 IST" name="submitForm" finished-at="2023-01-13T12:12:26 IST" duration-ms="6981" status="PASS">
          <reporter-output>
          </reporter-output>
        </test-method> <!-- submitForm -->
        <test-method is-config="true" signature="closeSession(org.testng.ITestResult)[pri:0, instance:runner.WdIoLoginTest@393671df]" started-at="2023-01-13T12:12:26 IST" name="closeSession" finished-at="2023-01-13T12:12:27 IST" duration-ms="431" status="PASS">
          <params>
            <param index="0">
              <value>
                <![CDATA[[TestResult name=submitForm status=SUCCESS method=WdIoLoginTest.submitForm()[pri:0, instance:runner.WdIoLoginTest@393671df] output={null}]]]>
              </value>
            </param>
          </params>
          <reporter-output>
          </reporter-output>
        </test-method> <!-- closeSession -->
        <test-method is-config="true" signature="tearDown()[pri:0, instance:runner.WdIoLoginTest@393671df]" started-at="2023-01-13T12:12:27 IST" name="tearDown" finished-at="2023-01-13T12:12:27 IST" duration-ms="313" status="PASS">
          <reporter-output>
          </reporter-output>
        </test-method> <!-- tearDown -->
      </class> <!-- runner.WdIoLoginTest -->
    </test> <!-- Default test -->
  </suite> <!-- Default suite -->
</testng-results>
