<?xml version="1.0" encoding="UTF-8"?>
<!-- Generated by org.testng.reporters.JUnitXMLReporter -->
<testsuite ignored="2" hostname="LAPTOP-KDSNQ81I" failures="0" tests="2" name="Test" time="42.596" errors="0" timestamp="2023-01-31T13:10:14 IST">
  <testcase classname="runner.WdIoFormPageTest" name="Form" time="7.697"/>
  <testcase classname="runner.WdIoLoginPageTest" name="login" time="8.026"/>
  <testcase classname="reusable.BaseClass" name="@AfterSuite tearDown" time="0.0">
    <ignored/>
  </testcase> <!-- @AfterSuite tearDown -->
  <testcase classname="reusable.BaseClass" name="@BeforeSuite setUp" time="0.0">
    <ignored/>
  </testcase> <!-- @BeforeSuite setUp -->
</testsuite> <!-- Test -->
