<?xml version="1.0" encoding="UTF-8"?>
<testng-results ignored="0" total="2" passed="2" failed="0" skipped="0">
  <reporter-output>
  </reporter-output>
  <suite started-at="2022-11-05T22:30:46 IST" name="Default suite" finished-at="2022-11-05T22:30:54 IST" duration-ms="7514">
    <groups>
    </groups>
    <test started-at="2022-11-05T22:30:46 IST" name="Default test" finished-at="2022-11-05T22:30:54 IST" duration-ms="7514">
      <class name="demo.RealTest">
        <test-method is-config="true" signature="setUp()[pri:0, instance:demo.RealTest@49c386c8]" started-at="2022-11-05T22:30:40 IST" name="setUp" finished-at="2022-11-05T22:30:46 IST" duration-ms="6121" status="PASS">
          <reporter-output>
          </reporter-output>
        </test-method> <!-- setUp -->
        <test-method signature="test(java.lang.String, java.lang.String)[pri:0, instance:demo.RealTest@49c386c8]" started-at="2022-11-05T22:30:47 IST" name="test" data-provider="excel" finished-at="2022-11-05T22:30:50 IST" duration-ms="3408" status="PASS">
          <params>
            <param index="0">
              <value>
                <![CDATA[Mobiles, Computers]]>
              </value>
            </param>
            <param index="1">
              <value>
                <![CDATA[All Mobile Phones]]>
              </value>
            </param>
          </params>
          <reporter-output>
          </reporter-output>
        </test-method> <!-- test -->
        <test-method signature="test(java.lang.String, java.lang.String)[pri:0, instance:demo.RealTest@49c386c8]" started-at="2022-11-05T22:30:50 IST" name="test" data-provider="excel" finished-at="2022-11-05T22:30:54 IST" duration-ms="3671" status="PASS">
          <params>
            <param index="0">
              <value>
                <![CDATA[wefndsl]]>
              </value>
            </param>
            <param index="1">
              <value>
                <![CDATA[djbls]]>
              </value>
            </param>
          </params>
          <reporter-output>
          </reporter-output>
        </test-method> <!-- test -->
        <test-method is-config="true" signature="teardown()[pri:0, instance:demo.RealTest@49c386c8]" started-at="2022-11-05T22:30:54 IST" name="teardown" finished-at="2022-11-05T22:30:54 IST" duration-ms="129" status="PASS">
          <reporter-output>
          </reporter-output>
        </test-method> <!-- teardown -->
      </class> <!-- demo.RealTest -->
    </test> <!-- Default test -->
  </suite> <!-- Default suite -->
</testng-results>
